2024-09-16 20:13:00 INFO  TC_0013_RemovingProductFromCartPage:16 - ***Removing product to the Cart has started...
2024-09-16 20:13:43 INFO  TC_0013_RemovingProductFromCartPage:39 - ***Removing product to the Cart has finished...
2024-09-16 20:16:30 INFO  TC_0013_RemovingProductFromCartPage:16 - ***Removing product to the Cart has started...
2024-09-16 20:17:01 INFO  TC_0013_RemovingProductFromCartPage:39 - ***Removing product to the Cart has finished...
2024-09-16 20:19:00 INFO  TC_0013_RemovingProductFromCartPage:16 - ***Removing product to the Cart has started...
2024-09-16 20:19:41 INFO  TC_0013_RemovingProductFromCartPage:39 - ***Removing product to the Cart has finished...
2024-09-16 20:27:53 INFO  TC_0013_RemovingProductFromCartPage:16 - ***Removing product to the Cart has started...
2024-09-16 20:28:30 INFO  TC_0013_RemovingProductFromCartPage:39 - ***Removing product to the Cart has finished...
2024-09-16 20:30:59 INFO  TC_0013_RemovingProductFromCartPage:16 - ***Removing product to the Cart has started...
2024-09-16 20:31:21 INFO  TC_0013_RemovingProductFromCartPage:39 - ***Removing product to the Cart has finished...
2024-09-16 20:33:27 INFO  TC_0013_RemovingProductFromCartPage:16 - ***Removing product to the Cart has started...
2024-09-16 20:34:02 INFO  TC_0013_RemovingProductFromCartPage:39 - ***Removing product to the Cart has finished...
2024-09-16 20:35:01 INFO  TC_0013_RemovingProductFromCartPage:16 - ***Removing product to the Cart has started...
2024-09-16 20:35:35 INFO  TC_0013_RemovingProductFromCartPage:39 - ***Removing product to the Cart has finished...
2024-09-16 20:36:14 INFO  TC_0013_RemovingProductFromCartPage:16 - ***Removing product to the Cart has started...
2024-09-16 20:36:49 INFO  TC_0013_RemovingProductFromCartPage:39 - ***Removing product to the Cart has finished...
2024-09-16 20:37:41 INFO  TC_0013_RemovingProductFromCartPage:16 - ***Removing product to the Cart has started...
2024-09-16 20:38:16 INFO  TC_0013_RemovingProductFromCartPage:39 - ***Removing product to the Cart has finished...
2024-09-16 20:40:51 INFO  TC_0013_RemovingProductFromCartPage:16 - ***Removing product to the Cart has started...
2024-09-16 20:41:15 INFO  TC_0013_RemovingProductFromCartPage:39 - ***Removing product to the Cart has finished...
2024-09-16 20:42:46 INFO  TC_0013_RemovingProductFromCartPage:16 - ***Removing product to the Cart has started...
2024-09-16 20:43:11 INFO  TC_0013_RemovingProductFromCartPage:39 - ***Removing product to the Cart has finished...
2024-09-16 20:47:37 INFO  TC_0013_RemovingProductFromCartPage:16 - ***Removing product to the Cart has started...
2024-09-16 20:48:11 INFO  TC_0013_RemovingProductFromCartPage:39 - ***Removing product to the Cart has finished...
2024-09-16 20:57:03 INFO  TC_0013_RemovingProductFromCartPage:16 - ***Removing product to the Cart has started...
2024-09-16 20:57:20 INFO  TC_0013_RemovingProductFromCartPage:39 - ***Removing product to the Cart has finished...
2024-09-16 21:00:06 INFO  TC_0013_RemovingProductFromCartPage:16 - ***Removing product to the Cart has started...
2024-09-16 21:00:24 INFO  TC_0013_RemovingProductFromCartPage:39 - ***Removing product to the Cart has finished...
2024-09-16 21:03:31 INFO  TC_0013_RemovingProductFromCartPage:16 - ***Removing product to the Cart has started...
2024-09-16 21:05:30 INFO  TC_0013_RemovingProductFromCartPage:39 - ***Removing product to the Cart has finished...
2024-09-16 21:11:51 INFO  TC_0013_RemovingProductFromCartPage:16 - ***Removing product to the Cart has started...
2024-09-16 21:12:51 ERROR TC_0013_RemovingProductFromCartPage:32 - Test is failedstale element reference: stale element not found
  (Session info: chrome=128.0.6613.138)
For documentation on this error, please visit: https://www.selenium.dev/documentation/webdriver/troubleshooting/errors#stale-element-reference-exception
Build info: version: '4.19.1', revision: 'abe0ee07dc'
System info: os.name: 'Windows 10', os.arch: 'amd64', os.version: '10.0', java.version: '21.0.2'
Driver info: org.openqa.selenium.chrome.ChromeDriver
Command: [7a67520fc44dad134af329be727f8dc8, clickElement {id=f.D8FE5F304C9FA93BD5476D222138C4B5.d.F6C328EE5EB2480D499A8AC760ED719E.e.164}]
Capabilities {acceptInsecureCerts: false, browserName: chrome, browserVersion: 128.0.6613.138, chrome: {chromedriverVersion: 128.0.6613.137 (fe621c5aa2d..., userDataDir: C:\Users\miahm\AppData\Loca...}, fedcm:accounts: true, goog:chromeOptions: {debuggerAddress: localhost:53740}, networkConnectionEnabled: false, pageLoadStrategy: normal, platformName: windows, proxy: Proxy(), se:cdp: ws://localhost:53740/devtoo..., se:cdpVersion: 128.0.6613.138, setWindowRect: true, strictFileInteractability: false, timeouts: {implicit: 0, pageLoad: 300000, script: 30000}, unhandledPromptBehavior: dismiss and notify, webauthn:extension:credBlob: true, webauthn:extension:largeBlob: true, webauthn:extension:minPinLength: true, webauthn:extension:prf: true, webauthn:virtualAuthenticators: true}
Element: [[ChromeDriver: chrome on windows (7a67520fc44dad134af329be727f8dc8)] -> xpath: //div[@class='product-thumb']//div[@class='caption']//a]
Session ID: 7a67520fc44dad134af329be727f8dc8
2024-09-16 21:12:51 INFO  TC_0013_RemovingProductFromCartPage:39 - ***Removing product to the Cart has finished...
2024-09-16 21:13:35 INFO  TC_0013_RemovingProductFromCartPage:16 - ***Removing product to the Cart has started...
2024-09-16 21:14:01 ERROR TC_0013_RemovingProductFromCartPage:32 - Test is failedstale element reference: stale element not found
  (Session info: chrome=128.0.6613.138)
For documentation on this error, please visit: https://www.selenium.dev/documentation/webdriver/troubleshooting/errors#stale-element-reference-exception
Build info: version: '4.19.1', revision: 'abe0ee07dc'
System info: os.name: 'Windows 10', os.arch: 'amd64', os.version: '10.0', java.version: '21.0.2'
Driver info: org.openqa.selenium.chrome.ChromeDriver
Command: [24317d57180c1cd4f779017994161cdf, clickElement {id=f.15CA067368088E86733C44EDA527F8A4.d.FA9306DBEB2221B72F3EF6E186642081.e.158}]
Capabilities {acceptInsecureCerts: false, browserName: chrome, browserVersion: 128.0.6613.138, chrome: {chromedriverVersion: 128.0.6613.137 (fe621c5aa2d..., userDataDir: C:\Users\miahm\AppData\Loca...}, fedcm:accounts: true, goog:chromeOptions: {debuggerAddress: localhost:53873}, networkConnectionEnabled: false, pageLoadStrategy: normal, platformName: windows, proxy: Proxy(), se:cdp: ws://localhost:53873/devtoo..., se:cdpVersion: 128.0.6613.138, setWindowRect: true, strictFileInteractability: false, timeouts: {implicit: 0, pageLoad: 300000, script: 30000}, unhandledPromptBehavior: dismiss and notify, webauthn:extension:credBlob: true, webauthn:extension:largeBlob: true, webauthn:extension:minPinLength: true, webauthn:extension:prf: true, webauthn:virtualAuthenticators: true}
Element: [[ChromeDriver: chrome on windows (24317d57180c1cd4f779017994161cdf)] -> xpath: //div[@class='product-thumb']//div[@class='caption']//a]
Session ID: 24317d57180c1cd4f779017994161cdf
2024-09-16 21:14:01 INFO  TC_0013_RemovingProductFromCartPage:39 - ***Removing product to the Cart has finished...
2024-09-16 21:14:27 INFO  TC_0013_RemovingProductFromCartPage:16 - ***Removing product to the Cart has started...
2024-09-16 21:14:39 ERROR TC_0013_RemovingProductFromCartPage:32 - Test is failedstale element reference: stale element not found
  (Session info: chrome=128.0.6613.138)
For documentation on this error, please visit: https://www.selenium.dev/documentation/webdriver/troubleshooting/errors#stale-element-reference-exception
Build info: version: '4.19.1', revision: 'abe0ee07dc'
System info: os.name: 'Windows 10', os.arch: 'amd64', os.version: '10.0', java.version: '21.0.2'
Driver info: org.openqa.selenium.chrome.ChromeDriver
Command: [e7b952863a262bc4c00698d200211be0, clickElement {id=f.1E4D4D8D07CC6D0F87DCA2733E088933.d.F89235FD4FFDC60E63CA5816D6B1AF61.e.183}]
Capabilities {acceptInsecureCerts: false, browserName: chrome, browserVersion: 128.0.6613.138, chrome: {chromedriverVersion: 128.0.6613.137 (fe621c5aa2d..., userDataDir: C:\Users\miahm\AppData\Loca...}, fedcm:accounts: true, goog:chromeOptions: {debuggerAddress: localhost:53947}, networkConnectionEnabled: false, pageLoadStrategy: normal, platformName: windows, proxy: Proxy(), se:cdp: ws://localhost:53947/devtoo..., se:cdpVersion: 128.0.6613.138, setWindowRect: true, strictFileInteractability: false, timeouts: {implicit: 0, pageLoad: 300000, script: 30000}, unhandledPromptBehavior: dismiss and notify, webauthn:extension:credBlob: true, webauthn:extension:largeBlob: true, webauthn:extension:minPinLength: true, webauthn:extension:prf: true, webauthn:virtualAuthenticators: true}
Element: [[ChromeDriver: chrome on windows (e7b952863a262bc4c00698d200211be0)] -> xpath: //div[@class='product-thumb']//div[@class='caption']//a]
Session ID: e7b952863a262bc4c00698d200211be0
2024-09-16 21:14:39 INFO  TC_0013_RemovingProductFromCartPage:39 - ***Removing product to the Cart has finished...
2024-09-16 21:15:23 INFO  TC_0013_RemovingProductFromCartPage:16 - ***Removing product to the Cart has started...
2024-09-16 21:17:16 INFO  TC_0013_RemovingProductFromCartPage:39 - ***Removing product to the Cart has finished...
2024-09-16 21:17:47 INFO  TC_0013_RemovingProductFromCartPage:16 - ***Removing product to the Cart has started...
2024-09-16 21:19:43 INFO  TC_0013_RemovingProductFromCartPage:39 - ***Removing product to the Cart has finished...
2024-09-16 21:20:13 INFO  TC_0013_RemovingProductFromCartPage:16 - ***Removing product to the Cart has started...
2024-09-16 21:22:10 INFO  TC_0013_RemovingProductFromCartPage:39 - ***Removing product to the Cart has finished...
2024-09-16 21:23:03 INFO  TC_0013_RemovingProductFromCartPage:16 - ***Removing product to the Cart has started...
2024-09-16 21:23:24 INFO  TC_0013_RemovingProductFromCartPage:39 - ***Removing product to the Cart has finished...
2024-09-16 21:24:01 INFO  TC_0013_RemovingProductFromCartPage:16 - ***Removing product to the Cart has started...
2024-09-16 21:24:19 INFO  TC_0013_RemovingProductFromCartPage:39 - ***Removing product to the Cart has finished...
2024-09-16 21:25:15 INFO  TC_0013_RemovingProductFromCartPage:16 - ***Removing product to the Cart has started...
2024-09-16 21:25:32 INFO  TC_0013_RemovingProductFromCartPage:39 - ***Removing product to the Cart has finished...
2024-09-16 21:26:22 INFO  TC_0013_RemovingProductFromCartPage:16 - ***Removing product to the Cart has started...
2024-09-16 21:26:48 INFO  TC_0013_RemovingProductFromCartPage:39 - ***Removing product to the Cart has finished...
2024-09-16 21:27:25 INFO  TC_0013_RemovingProductFromCartPage:16 - ***Removing product to the Cart has started...
2024-09-16 21:27:42 INFO  TC_0013_RemovingProductFromCartPage:39 - ***Removing product to the Cart has finished...
